2018-12-07 09:26:49.361450: I tensorflow/core/platform/cpu_feature_guard.cc:140] Your CPU supports instructions that this TensorFlow binary was not compiled to use: AVX2 AVX512F FMA
2018-12-07 09:26:49.920797: I tensorflow/core/common_runtime/gpu/gpu_device.cc:1356] Found device 0 with properties: 
name: Tesla P100-PCIE-12GB major: 6 minor: 0 memoryClockRate(GHz): 1.3285
pciBusID: 0000:88:00.0
totalMemory: 11.91GiB freeMemory: 11.62GiB
2018-12-07 09:26:50.140053: I tensorflow/core/common_runtime/gpu/gpu_device.cc:1356] Found device 1 with properties: 
name: Tesla P100-PCIE-12GB major: 6 minor: 0 memoryClockRate(GHz): 1.3285
pciBusID: 0000:8d:00.0
totalMemory: 11.91GiB freeMemory: 11.62GiB
2018-12-07 09:26:50.365309: I tensorflow/core/common_runtime/gpu/gpu_device.cc:1356] Found device 2 with properties: 
name: Tesla P100-PCIE-12GB major: 6 minor: 0 memoryClockRate(GHz): 1.3285
pciBusID: 0000:8e:00.0
totalMemory: 11.91GiB freeMemory: 179.75MiB
2018-12-07 09:26:50.597548: I tensorflow/core/common_runtime/gpu/gpu_device.cc:1356] Found device 3 with properties: 
name: Tesla P100-PCIE-12GB major: 6 minor: 0 memoryClockRate(GHz): 1.3285
pciBusID: 0000:8f:00.0
totalMemory: 11.91GiB freeMemory: 11.62GiB
2018-12-07 09:26:50.846593: I tensorflow/core/common_runtime/gpu/gpu_device.cc:1356] Found device 4 with properties: 
name: Tesla P100-PCIE-12GB major: 6 minor: 0 memoryClockRate(GHz): 1.3285
pciBusID: 0000:b2:00.0
totalMemory: 11.91GiB freeMemory: 11.62GiB
2018-12-07 09:26:51.095630: I tensorflow/core/common_runtime/gpu/gpu_device.cc:1356] Found device 5 with properties: 
name: Tesla P100-PCIE-12GB major: 6 minor: 0 memoryClockRate(GHz): 1.3285
pciBusID: 0000:b3:00.0
totalMemory: 11.91GiB freeMemory: 11.62GiB
2018-12-07 09:26:51.351240: I tensorflow/core/common_runtime/gpu/gpu_device.cc:1356] Found device 6 with properties: 
name: Tesla P100-PCIE-12GB major: 6 minor: 0 memoryClockRate(GHz): 1.3285
pciBusID: 0000:b4:00.0
totalMemory: 11.91GiB freeMemory: 11.62GiB
2018-12-07 09:26:51.846467: I tensorflow/core/common_runtime/gpu/gpu_device.cc:1356] Found device 7 with properties: 
name: Tesla P100-PCIE-12GB major: 6 minor: 0 memoryClockRate(GHz): 1.3285
pciBusID: 0000:b5:00.0
totalMemory: 11.91GiB freeMemory: 11.62GiB
2018-12-07 09:26:51.863411: I tensorflow/core/common_runtime/gpu/gpu_device.cc:1435] Adding visible gpu devices: 0, 1, 2, 3, 4, 5, 6, 7
2018-12-07 09:26:54.348375: I tensorflow/core/common_runtime/gpu/gpu_device.cc:923] Device interconnect StreamExecutor with strength 1 edge matrix:
2018-12-07 09:26:54.348435: I tensorflow/core/common_runtime/gpu/gpu_device.cc:929]      0 1 2 3 4 5 6 7 
2018-12-07 09:26:54.348443: I tensorflow/core/common_runtime/gpu/gpu_device.cc:942] 0:   N Y Y Y N N N N 
2018-12-07 09:26:54.348449: I tensorflow/core/common_runtime/gpu/gpu_device.cc:942] 1:   Y N Y Y N N N N 
2018-12-07 09:26:54.348454: I tensorflow/core/common_runtime/gpu/gpu_device.cc:942] 2:   Y Y N Y N N N N 
2018-12-07 09:26:54.348459: I tensorflow/core/common_runtime/gpu/gpu_device.cc:942] 3:   Y Y Y N N N N N 
2018-12-07 09:26:54.348464: I tensorflow/core/common_runtime/gpu/gpu_device.cc:942] 4:   N N N N N Y Y Y 
2018-12-07 09:26:54.348469: I tensorflow/core/common_runtime/gpu/gpu_device.cc:942] 5:   N N N N Y N Y Y 
2018-12-07 09:26:54.348474: I tensorflow/core/common_runtime/gpu/gpu_device.cc:942] 6:   N N N N Y Y N Y 
2018-12-07 09:26:54.348479: I tensorflow/core/common_runtime/gpu/gpu_device.cc:942] 7:   N N N N Y Y Y N 
W1207 09:26:54.368334 Reloader plugin_event_accumulator.py:300] Found more than one graph event per run, or there was a metagraph containing a graph_def, as well as one or more graph events.  Overwriting the graph with the newest event.
W1207 09:26:54.374179 Reloader plugin_event_accumulator.py:300] Found more than one graph event per run, or there was a metagraph containing a graph_def, as well as one or more graph events.  Overwriting the graph with the newest event.
W1207 09:26:54.375180 Reloader plugin_event_accumulator.py:308] Found more than one metagraph event per run. Overwriting the metagraph with the newest event.
W1207 09:26:54.380727 Reloader plugin_event_accumulator.py:300] Found more than one graph event per run, or there was a metagraph containing a graph_def, as well as one or more graph events.  Overwriting the graph with the newest event.
W1207 09:26:54.382213 Reloader plugin_event_accumulator.py:308] Found more than one metagraph event per run. Overwriting the metagraph with the newest event.
TensorBoard 1.8.0 at http://vlsi-P100:6007 (Press CTRL+C to quit)
W1207 09:44:38.486620 Reloader plugin_event_accumulator.py:300] Found more than one graph event per run, or there was a metagraph containing a graph_def, as well as one or more graph events.  Overwriting the graph with the newest event.
W1207 09:44:43.498052 Reloader plugin_event_accumulator.py:308] Found more than one metagraph event per run. Overwriting the metagraph with the newest event.
W1208 01:18:41.107268 Reloader plugin_event_accumulator.py:300] Found more than one graph event per run, or there was a metagraph containing a graph_def, as well as one or more graph events.  Overwriting the graph with the newest event.
W1208 01:18:46.117794 Reloader plugin_event_accumulator.py:308] Found more than one metagraph event per run. Overwriting the metagraph with the newest event.
W1208 14:09:59.916988 Reloader plugin_event_accumulator.py:300] Found more than one graph event per run, or there was a metagraph containing a graph_def, as well as one or more graph events.  Overwriting the graph with the newest event.
W1208 14:10:09.946846 Reloader plugin_event_accumulator.py:308] Found more than one metagraph event per run. Overwriting the metagraph with the newest event.
W1208 14:12:00.373375 Reloader plugin_event_accumulator.py:300] Found more than one graph event per run, or there was a metagraph containing a graph_def, as well as one or more graph events.  Overwriting the graph with the newest event.
W1208 14:12:10.395390 Reloader plugin_event_accumulator.py:308] Found more than one metagraph event per run. Overwriting the metagraph with the newest event.
W1208 14:13:30.687372 Reloader plugin_event_accumulator.py:300] Found more than one graph event per run, or there was a metagraph containing a graph_def, as well as one or more graph events.  Overwriting the graph with the newest event.
W1208 14:13:40.715128 Reloader plugin_event_accumulator.py:308] Found more than one metagraph event per run. Overwriting the metagraph with the newest event.
W1208 14:20:22.910796 Reloader plugin_event_accumulator.py:300] Found more than one graph event per run, or there was a metagraph containing a graph_def, as well as one or more graph events.  Overwriting the graph with the newest event.
W1208 14:20:32.943657 Reloader plugin_event_accumulator.py:308] Found more than one metagraph event per run. Overwriting the metagraph with the newest event.
